<?xml version="1.0" encoding="UTF-8"?>
<!-- Generated by org.testng.reporters.JUnitReportReporter -->
<testsuite hostname="LAPTOP-J5LI6AHU" failures="0" tests="1" name="bus_Module.Bus_Oneway005" time="16.417" errors="0" timestamp="2023-01-23T09:27:21 IST" skipped="0">
  <testcase classname="bus_Module.Bus_Oneway005" name="searchFlights" time="16.417"/>
  <system-out/>
</testsuite> <!-- bus_Module.Bus_Oneway005 -->
