<?xml version="1.0" encoding="UTF-8"?>
<!-- Generated by org.testng.reporters.JUnitReportReporter -->
<testsuite hostname="LAPTOP-J5LI6AHU" failures="0" tests="1" name="bus_Module.ClickOnSearchButton" time="1.985" errors="0" timestamp="2023-01-18T21:25:15 IST" skipped="0">
  <testcase classname="bus_Module.ClickOnSearchButton" name="searchButton" time="1.985"/>
  <system-out>
Click action on Search Button is successfull  </system-out>
</testsuite> <!-- bus_Module.ClickOnSearchButton -->
