<?xml version="1.0" encoding="UTF-8"?>
<!-- Generated by org.testng.reporters.JUnitReportReporter -->
<testsuite hostname="LAPTOP-J5LI6AHU" failures="0" tests="1" name="bus_Module.Bus_Oneway_002" time="2.415" errors="0" timestamp="2023-01-18T21:41:48 IST" skipped="0">
  <testcase classname="bus_Module.Bus_Oneway_002" name="negativeFromTextField" time="2.415"/>
  <system-out>
Data Entered Successfully in fromTextField in homePage Error message is matched properly  </system-out>
</testsuite> <!-- bus_Module.Bus_Oneway_002 -->
